<?xml version="1.0" encoding="UTF-8"?>
<testsuite name="MatchShould" tests="3" skipped="0" failures="0" errors="0" timestamp="2020-06-29T03:48:34" hostname="bedomax.local" time="0.002">
  <properties/>
  <testcase name="MatchLocalWinIsPassed" classname="MatchShould" time="0.002"/>
  <testcase name="MatchLocalDrawIsPassed" classname="MatchShould" time="0.0"/>
  <testcase name="MatchVisitorWinIsPassed" classname="MatchShould" time="0.0"/>
  <system-out><![CDATA[]]></system-out>
  <system-err><![CDATA[]]></system-err>
</testsuite>
